[2025-09-17 12:12:52] error:
  Message: Failed to create blog: Blog validation failed: content: content is required
  Stack: ValidationError: Blog validation failed: content: content is required
    at Document.invalidate (C:\Users\rabin\Desktop\Amnil\Week-1\backend\node_modules\mongoose\lib\document.js:3358:32)
    at C:\Users\rabin\Desktop\Amnil\Week-1\backend\node_modules\mongoose\lib\document.js:3119:17
    at C:\Users\rabin\Desktop\Amnil\Week-1\backend\node_modules\mongoose\lib\schemaType.js:1416:9
    at process.processTicksAndRejections (node:internal/process/task_queues:85:11)
[2025-09-17 12:13:16] error:
  Message: Failed to create blog: Blog validation failed: content: content is required
  Stack: ValidationError: Blog validation failed: content: content is required
    at Document.invalidate (C:\Users\rabin\Desktop\Amnil\Week-1\backend\node_modules\mongoose\lib\document.js:3358:32)
    at C:\Users\rabin\Desktop\Amnil\Week-1\backend\node_modules\mongoose\lib\document.js:3119:17
    at C:\Users\rabin\Desktop\Amnil\Week-1\backend\node_modules\mongoose\lib\schemaType.js:1416:9
    at process.processTicksAndRejections (node:internal/process/task_queues:85:11)
[2025-09-17 12:14:26] error:
  Message: Failed to create blog: Blog validation failed: content: content is required
  Stack: ValidationError: Blog validation failed: content: content is required
    at Document.invalidate (C:\Users\rabin\Desktop\Amnil\Week-1\backend\node_modules\mongoose\lib\document.js:3358:32)
    at C:\Users\rabin\Desktop\Amnil\Week-1\backend\node_modules\mongoose\lib\document.js:3119:17
    at C:\Users\rabin\Desktop\Amnil\Week-1\backend\node_modules\mongoose\lib\schemaType.js:1416:9
    at process.processTicksAndRejections (node:internal/process/task_queues:85:11)
[2025-09-17 12:14:36] error:
  Message: Failed to create blog: Blog validation failed: title: title is required, content: content is required
  Stack: ValidationError: Blog validation failed: title: title is required, content: content is required
    at Document.invalidate (C:\Users\rabin\Desktop\Amnil\Week-1\backend\node_modules\mongoose\lib\document.js:3358:32)
    at C:\Users\rabin\Desktop\Amnil\Week-1\backend\node_modules\mongoose\lib\document.js:3119:17
    at C:\Users\rabin\Desktop\Amnil\Week-1\backend\node_modules\mongoose\lib\schemaType.js:1416:9
    at process.processTicksAndRejections (node:internal/process/task_queues:85:11)
[2025-09-18 23:22:19] error:
  Message: Failed to fetch all blogs: Schema hasn't been registered for model "profileImage".
Use mongoose.model(name, schema)
  Stack: MissingSchemaError: Schema hasn't been registered for model "profileImage".
Use mongoose.model(name, schema)
    at NativeConnection.model (C:\Users\rabin\Desktop\Amnil\Week-1\backend\node_modules\mongoose\lib\connection.js:1493:13)
    at _getModelFromConn (C:\Users\rabin\Desktop\Amnil\Week-1\backend\node_modules\mongoose\lib\helpers\populate\getModelsMapForPopulate.js:579:15)
    at addModelNamesToMap (C:\Users\rabin\Desktop\Amnil\Week-1\backend\node_modules\mongoose\lib\helpers\populate\getModelsMapForPopulate.js:507:17)
    at getModelsMapForPopulate (C:\Users\rabin\Desktop\Amnil\Week-1\backend\node_modules\mongoose\lib\helpers\populate\getModelsMapForPopulate.js:208:7)
    at _populatePath (C:\Users\rabin\Desktop\Amnil\Week-1\backend\node_modules\mongoose\lib\model.js:4466:21)
    at Function.populate (C:\Users\rabin\Desktop\Amnil\Week-1\backend\node_modules\mongoose\lib\model.js:4433:21)
    at model.Query._find (C:\Users\rabin\Desktop\Amnil\Week-1\backend\node_modules\mongoose\lib\query.js:2456:20)
    at process.processTicksAndRejections (node:internal/process/task_queues:105:5)
    at async model.Query.exec (C:\Users\rabin\Desktop\Amnil\Week-1\backend\node_modules\mongoose\lib\query.js:4627:63)
    at async getAllBlogs (file:///C:/Users/rabin/Desktop/Amnil/Week-1/backend/controller/blog.js:44:19)
[2025-09-18 23:22:19] error:
  Message: Failed to fetch all blogs: Schema hasn't been registered for model "profileImage".
Use mongoose.model(name, schema)
  Stack: MissingSchemaError: Schema hasn't been registered for model "profileImage".
Use mongoose.model(name, schema)
    at NativeConnection.model (C:\Users\rabin\Desktop\Amnil\Week-1\backend\node_modules\mongoose\lib\connection.js:1493:13)
    at _getModelFromConn (C:\Users\rabin\Desktop\Amnil\Week-1\backend\node_modules\mongoose\lib\helpers\populate\getModelsMapForPopulate.js:579:15)
    at addModelNamesToMap (C:\Users\rabin\Desktop\Amnil\Week-1\backend\node_modules\mongoose\lib\helpers\populate\getModelsMapForPopulate.js:507:17)
    at getModelsMapForPopulate (C:\Users\rabin\Desktop\Amnil\Week-1\backend\node_modules\mongoose\lib\helpers\populate\getModelsMapForPopulate.js:208:7)
    at _populatePath (C:\Users\rabin\Desktop\Amnil\Week-1\backend\node_modules\mongoose\lib\model.js:4466:21)
    at Function.populate (C:\Users\rabin\Desktop\Amnil\Week-1\backend\node_modules\mongoose\lib\model.js:4433:21)
    at model.Query._find (C:\Users\rabin\Desktop\Amnil\Week-1\backend\node_modules\mongoose\lib\query.js:2456:20)
    at process.processTicksAndRejections (node:internal/process/task_queues:105:5)
    at async model.Query.exec (C:\Users\rabin\Desktop\Amnil\Week-1\backend\node_modules\mongoose\lib\query.js:4627:63)
    at async getAllBlogs (file:///C:/Users/rabin/Desktop/Amnil/Week-1/backend/controller/blog.js:44:19)
[2025-09-18 23:22:32] error:
  Message: Failed to fetch all blogs: Schema hasn't been registered for model "profileImage".
Use mongoose.model(name, schema)
  Stack: MissingSchemaError: Schema hasn't been registered for model "profileImage".
Use mongoose.model(name, schema)
    at NativeConnection.model (C:\Users\rabin\Desktop\Amnil\Week-1\backend\node_modules\mongoose\lib\connection.js:1493:13)
    at _getModelFromConn (C:\Users\rabin\Desktop\Amnil\Week-1\backend\node_modules\mongoose\lib\helpers\populate\getModelsMapForPopulate.js:579:15)
    at addModelNamesToMap (C:\Users\rabin\Desktop\Amnil\Week-1\backend\node_modules\mongoose\lib\helpers\populate\getModelsMapForPopulate.js:507:17)
    at getModelsMapForPopulate (C:\Users\rabin\Desktop\Amnil\Week-1\backend\node_modules\mongoose\lib\helpers\populate\getModelsMapForPopulate.js:208:7)
    at _populatePath (C:\Users\rabin\Desktop\Amnil\Week-1\backend\node_modules\mongoose\lib\model.js:4466:21)
    at Function.populate (C:\Users\rabin\Desktop\Amnil\Week-1\backend\node_modules\mongoose\lib\model.js:4433:21)
    at model.Query._find (C:\Users\rabin\Desktop\Amnil\Week-1\backend\node_modules\mongoose\lib\query.js:2456:20)
    at process.processTicksAndRejections (node:internal/process/task_queues:105:5)
    at async model.Query.exec (C:\Users\rabin\Desktop\Amnil\Week-1\backend\node_modules\mongoose\lib\query.js:4627:63)
    at async getAllBlogs (file:///C:/Users/rabin/Desktop/Amnil/Week-1/backend/controller/blog.js:44:19)
[2025-09-18 23:22:33] error:
  Message: Failed to fetch all blogs: Schema hasn't been registered for model "profileImage".
Use mongoose.model(name, schema)
  Stack: MissingSchemaError: Schema hasn't been registered for model "profileImage".
Use mongoose.model(name, schema)
    at NativeConnection.model (C:\Users\rabin\Desktop\Amnil\Week-1\backend\node_modules\mongoose\lib\connection.js:1493:13)
    at _getModelFromConn (C:\Users\rabin\Desktop\Amnil\Week-1\backend\node_modules\mongoose\lib\helpers\populate\getModelsMapForPopulate.js:579:15)
    at addModelNamesToMap (C:\Users\rabin\Desktop\Amnil\Week-1\backend\node_modules\mongoose\lib\helpers\populate\getModelsMapForPopulate.js:507:17)
    at getModelsMapForPopulate (C:\Users\rabin\Desktop\Amnil\Week-1\backend\node_modules\mongoose\lib\helpers\populate\getModelsMapForPopulate.js:208:7)
    at _populatePath (C:\Users\rabin\Desktop\Amnil\Week-1\backend\node_modules\mongoose\lib\model.js:4466:21)
    at Function.populate (C:\Users\rabin\Desktop\Amnil\Week-1\backend\node_modules\mongoose\lib\model.js:4433:21)
    at model.Query._find (C:\Users\rabin\Desktop\Amnil\Week-1\backend\node_modules\mongoose\lib\query.js:2456:20)
    at process.processTicksAndRejections (node:internal/process/task_queues:105:5)
    at async model.Query.exec (C:\Users\rabin\Desktop\Amnil\Week-1\backend\node_modules\mongoose\lib\query.js:4627:63)
    at async getAllBlogs (file:///C:/Users/rabin/Desktop/Amnil/Week-1/backend/controller/blog.js:44:19)
[2025-09-18 23:23:24] error:
  Message: Failed to fetch all blogs: Schema hasn't been registered for model "profileImage".
Use mongoose.model(name, schema)
  Stack: MissingSchemaError: Schema hasn't been registered for model "profileImage".
Use mongoose.model(name, schema)
    at NativeConnection.model (C:\Users\rabin\Desktop\Amnil\Week-1\backend\node_modules\mongoose\lib\connection.js:1493:13)
    at _getModelFromConn (C:\Users\rabin\Desktop\Amnil\Week-1\backend\node_modules\mongoose\lib\helpers\populate\getModelsMapForPopulate.js:579:15)
    at addModelNamesToMap (C:\Users\rabin\Desktop\Amnil\Week-1\backend\node_modules\mongoose\lib\helpers\populate\getModelsMapForPopulate.js:507:17)
    at getModelsMapForPopulate (C:\Users\rabin\Desktop\Amnil\Week-1\backend\node_modules\mongoose\lib\helpers\populate\getModelsMapForPopulate.js:208:7)
    at _populatePath (C:\Users\rabin\Desktop\Amnil\Week-1\backend\node_modules\mongoose\lib\model.js:4466:21)
    at Function.populate (C:\Users\rabin\Desktop\Amnil\Week-1\backend\node_modules\mongoose\lib\model.js:4433:21)
    at model.Query._find (C:\Users\rabin\Desktop\Amnil\Week-1\backend\node_modules\mongoose\lib\query.js:2456:20)
    at process.processTicksAndRejections (node:internal/process/task_queues:105:5)
    at async model.Query.exec (C:\Users\rabin\Desktop\Amnil\Week-1\backend\node_modules\mongoose\lib\query.js:4627:63)
    at async getAllBlogs (file:///C:/Users/rabin/Desktop/Amnil/Week-1/backend/controller/blog.js:44:19)
[2025-09-18 23:23:24] error:
  Message: Failed to fetch all blogs: Schema hasn't been registered for model "profileImage".
Use mongoose.model(name, schema)
  Stack: MissingSchemaError: Schema hasn't been registered for model "profileImage".
Use mongoose.model(name, schema)
    at NativeConnection.model (C:\Users\rabin\Desktop\Amnil\Week-1\backend\node_modules\mongoose\lib\connection.js:1493:13)
    at _getModelFromConn (C:\Users\rabin\Desktop\Amnil\Week-1\backend\node_modules\mongoose\lib\helpers\populate\getModelsMapForPopulate.js:579:15)
    at addModelNamesToMap (C:\Users\rabin\Desktop\Amnil\Week-1\backend\node_modules\mongoose\lib\helpers\populate\getModelsMapForPopulate.js:507:17)
    at getModelsMapForPopulate (C:\Users\rabin\Desktop\Amnil\Week-1\backend\node_modules\mongoose\lib\helpers\populate\getModelsMapForPopulate.js:208:7)
    at _populatePath (C:\Users\rabin\Desktop\Amnil\Week-1\backend\node_modules\mongoose\lib\model.js:4466:21)
    at Function.populate (C:\Users\rabin\Desktop\Amnil\Week-1\backend\node_modules\mongoose\lib\model.js:4433:21)
    at model.Query._find (C:\Users\rabin\Desktop\Amnil\Week-1\backend\node_modules\mongoose\lib\query.js:2456:20)
    at process.processTicksAndRejections (node:internal/process/task_queues:105:5)
    at async model.Query.exec (C:\Users\rabin\Desktop\Amnil\Week-1\backend\node_modules\mongoose\lib\query.js:4627:63)
    at async getAllBlogs (file:///C:/Users/rabin/Desktop/Amnil/Week-1/backend/controller/blog.js:44:19)
[2025-09-18 23:44:13] error:
  Message:  Login error for rabinbhattarai646@gmail.com: newUser is not defined
  Stack: ReferenceError: newUser is not defined
    at loginUser (file:///C:/Users/rabin/Desktop/Amnil/Week-1/backend/controller/auth.js:68:17)
[2025-09-18 23:47:31] error:
  Message:  Login error for rabinbhattarai646@gmail.com: newUser is not defined
  Stack: ReferenceError: newUser is not defined
    at loginUser (file:///C:/Users/rabin/Desktop/Amnil/Week-1/backend/controller/auth.js:75:50)
